
**** Build of configuration Default for project ti_rtos_config ****

/home/waqar/ti/ccsv7/utils/bin/gmake -k all 
gmake[1]: Nothing to be done for 'configPkg/linker.cmd'.
gmake[1]: Nothing to be done for 'main-build'.

**** Build Finished ****

**** Clean-only build of configuration Release for project wlan_station ****

/home/waqar/ti/ccsv7/utils/bin/gmake -k clean 
gmake: *** No rule to make target 'clean'.

**** Build Finished ****

**** Build of configuration Release for project wlan_station ****

/home/waqar/ti/ccsv7/utils/bin/gmake -k all 
Building file: /home/waqar/ti/CC3200SDK_1.1.0/cc3200-sdk/example/common/gpio_if.c
Invoking: ARM Compiler
"/home/waqar/ti/ccsv7/tools/compiler/ti-cgt-arm_16.9.1.LTS/bin/armcl" -mv7M4 -me --include_path="/home/waqar/ti/ccsv7/tools/compiler/ti-cgt-arm_16.9.1.LTS/include" --include_path="/home/waqar/ti/CC3200SDK_1.1.0/cc3200-sdk/simplelink/" --include_path="/home/waqar/ti/CC3200SDK_1.1.0/cc3200-sdk/simplelink/include" --include_path="/home/waqar/ti/CC3200SDK_1.1.0/cc3200-sdk/simplelink/source" --include_path="/home/waqar/ti/CC3200SDK_1.1.0/cc3200-sdk/example/common" --include_path="/home/waqar/ti/CC3200SDK_1.1.0/cc3200-sdk/oslib" --include_path="/home/waqar/ti/CC3200SDK_1.1.0/cc3200-sdk/driverlib" --include_path="/home/waqar/ti/CC3200SDK_1.1.0/cc3200-sdk/inc" --define=ccs --define=USE_TIRTOS --define=SL_PLATFORM_MULTI_THREADED --define=cc3200 -g --diag_warning=225 --diag_wrap=off --display_error_number --abi=eabi --preproc_with_compile --preproc_dependency="gpio_if.d" --cmd_file="/home/waqar/workspace/ti03/ti_rtos_config/Default/configPkg/compiler.opt" "/home/waqar/ti/CC3200SDK_1.1.0/cc3200-sdk/example/common/gpio_if.c"
Finished building: /home/waqar/ti/CC3200SDK_1.1.0/cc3200-sdk/example/common/gpio_if.c
 
Building file: ../main.c
Invoking: ARM Compiler
"/home/waqar/ti/ccsv7/tools/compiler/ti-cgt-arm_16.9.1.LTS/bin/armcl" -mv7M4 -me --include_path="/home/waqar/ti/ccsv7/tools/compiler/ti-cgt-arm_16.9.1.LTS/include" --include_path="/home/waqar/ti/CC3200SDK_1.1.0/cc3200-sdk/simplelink/" --include_path="/home/waqar/ti/CC3200SDK_1.1.0/cc3200-sdk/simplelink/include" --include_path="/home/waqar/ti/CC3200SDK_1.1.0/cc3200-sdk/simplelink/source" --include_path="/home/waqar/ti/CC3200SDK_1.1.0/cc3200-sdk/example/common" --include_path="/home/waqar/ti/CC3200SDK_1.1.0/cc3200-sdk/oslib" --include_path="/home/waqar/ti/CC3200SDK_1.1.0/cc3200-sdk/driverlib" --include_path="/home/waqar/ti/CC3200SDK_1.1.0/cc3200-sdk/inc" --define=ccs --define=USE_TIRTOS --define=SL_PLATFORM_MULTI_THREADED --define=cc3200 -g --diag_warning=225 --diag_wrap=off --display_error_number --abi=eabi --preproc_with_compile --preproc_dependency="main.d" --cmd_file="/home/waqar/workspace/ti03/ti_rtos_config/Default/configPkg/compiler.opt" "../main.c"
Finished building: ../main.c
 
Building file: ../pinmux.c
Invoking: ARM Compiler
"/home/waqar/ti/ccsv7/tools/compiler/ti-cgt-arm_16.9.1.LTS/bin/armcl" -mv7M4 -me --include_path="/home/waqar/ti/ccsv7/tools/compiler/ti-cgt-arm_16.9.1.LTS/include" --include_path="/home/waqar/ti/CC3200SDK_1.1.0/cc3200-sdk/simplelink/" --include_path="/home/waqar/ti/CC3200SDK_1.1.0/cc3200-sdk/simplelink/include" --include_path="/home/waqar/ti/CC3200SDK_1.1.0/cc3200-sdk/simplelink/source" --include_path="/home/waqar/ti/CC3200SDK_1.1.0/cc3200-sdk/example/common" --include_path="/home/waqar/ti/CC3200SDK_1.1.0/cc3200-sdk/oslib" --include_path="/home/waqar/ti/CC3200SDK_1.1.0/cc3200-sdk/driverlib" --include_path="/home/waqar/ti/CC3200SDK_1.1.0/cc3200-sdk/inc" --define=ccs --define=USE_TIRTOS --define=SL_PLATFORM_MULTI_THREADED --define=cc3200 -g --diag_warning=225 --diag_wrap=off --display_error_number --abi=eabi --preproc_with_compile --preproc_dependency="pinmux.d" --cmd_file="/home/waqar/workspace/ti03/ti_rtos_config/Default/configPkg/compiler.opt" "../pinmux.c"
Finished building: ../pinmux.c
 
Building file: /home/waqar/ti/CC3200SDK_1.1.0/cc3200-sdk/example/common/uart_if.c
Invoking: ARM Compiler
"/home/waqar/ti/ccsv7/tools/compiler/ti-cgt-arm_16.9.1.LTS/bin/armcl" -mv7M4 -me --include_path="/home/waqar/ti/ccsv7/tools/compiler/ti-cgt-arm_16.9.1.LTS/include" --include_path="/home/waqar/ti/CC3200SDK_1.1.0/cc3200-sdk/simplelink/" --include_path="/home/waqar/ti/CC3200SDK_1.1.0/cc3200-sdk/simplelink/include" --include_path="/home/waqar/ti/CC3200SDK_1.1.0/cc3200-sdk/simplelink/source" --include_path="/home/waqar/ti/CC3200SDK_1.1.0/cc3200-sdk/example/common" --include_path="/home/waqar/ti/CC3200SDK_1.1.0/cc3200-sdk/oslib" --include_path="/home/waqar/ti/CC3200SDK_1.1.0/cc3200-sdk/driverlib" --include_path="/home/waqar/ti/CC3200SDK_1.1.0/cc3200-sdk/inc" --define=ccs --define=USE_TIRTOS --define=SL_PLATFORM_MULTI_THREADED --define=cc3200 -g --diag_warning=225 --diag_wrap=off --display_error_number --abi=eabi --preproc_with_compile --preproc_dependency="uart_if.d" --cmd_file="/home/waqar/workspace/ti03/ti_rtos_config/Default/configPkg/compiler.opt" "/home/waqar/ti/CC3200SDK_1.1.0/cc3200-sdk/example/common/uart_if.c"
Finished building: /home/waqar/ti/CC3200SDK_1.1.0/cc3200-sdk/example/common/uart_if.c
 
Building target: wlan_station.out
Invoking: ARM Linker
"/home/waqar/ti/ccsv7/tools/compiler/ti-cgt-arm_16.9.1.LTS/bin/armcl" -mv7M4 -me --define=ccs --define=USE_TIRTOS --define=SL_PLATFORM_MULTI_THREADED --define=cc3200 -g --diag_warning=225 --diag_wrap=off --display_error_number --abi=eabi -z -m"wlan_station.map" --heap_size=0x800 --stack_size=0x800 -i"/home/waqar/ti/ccsv7/tools/compiler/ti-cgt-arm_16.9.1.LTS/lib" -i"/home/waqar/ti/ccsv7/tools/compiler/ti-cgt-arm_16.9.1.LTS/include" --reread_libs --diag_wrap=off --display_error_number --warn_sections --xml_link_info="wlan_station_linkInfo.xml" --rom_model -o "wlan_station.out" "./gpio_if.obj" "./main.obj" "./pinmux.obj" "./uart_if.obj" "../cc3200v1p32.cmd" -l"/home/waqar/workspace/ti03/ti_rtos_config/Default/configPkg/linker.cmd" -llibc.a -l"/home/waqar/ti/CC3200SDK_1.1.0/cc3200-sdk/driverlib/ccs/Release/driverlib.a" -l"/home/waqar/ti/CC3200SDK_1.1.0/cc3200-sdk/simplelink/ccs/OS/simplelink.a" -l"/home/waqar/ti/CC3200SDK_1.1.0/cc3200-sdk/oslib/ccs/ti_rtos/ti_rtos.a" 
<Linking>
Finished building target: wlan_station.out
 
"/home/waqar/ti/ccsv7/utils/tiobj2bin/tiobj2bin" "wlan_station.out" "wlan_station.bin" "/home/waqar/ti/ccsv7/tools/compiler/ti-cgt-arm_16.9.1.LTS/bin/armofd" "/home/waqar/ti/ccsv7/tools/compiler/ti-cgt-arm_16.9.1.LTS/bin/armhex" "/home/waqar/ti/ccsv7/utils/tiobj2bin/mkhex4bin"
 

**** Build Finished ****

**** Build of configuration Default for project ti_rtos_config ****

/home/waqar/ti/ccsv7/utils/bin/gmake -k all 
gmake[1]: Nothing to be done for 'configPkg/linker.cmd'.
gmake[1]: Nothing to be done for 'main-build'.

**** Build Finished ****

**** Build of configuration Default for project ti_rtos_config ****

/home/waqar/ti/ccsv7/utils/bin/gmake -k all 
gmake[1]: Nothing to be done for 'configPkg/linker.cmd'.
gmake[1]: Nothing to be done for 'main-build'.

**** Build Finished ****

**** Build of configuration Release for project wlan_station ****

/home/waqar/ti/ccsv7/utils/bin/gmake -k all 
gmake: Nothing to be done for 'all'.

**** Build Finished ****
