
**** Build of configuration Release for project freertos_demo ****

/home/waqar/ti/ccsv7/utils/bin/gmake -k all 
Building file: ../main.c
Invoking: ARM Compiler
"/home/waqar/ti/ccsv7/tools/compiler/ti-cgt-arm_16.9.1.LTS/bin/armcl" -mv7M4 --code_state=16 --float_support=fpalib -me --include_path="/home/waqar/ti/ccsv7/tools/compiler/ti-cgt-arm_16.9.1.LTS/include" --include_path="/home/waqar/ti/cc3200-sdk/third_party/FreeRTOS/source/portable/CCS/ARM_CM3/" --include_path="/home/waqar/ti/cc3200-sdk/third_party/FreeRTOS/source/include/" --include_path="/home/waqar/ti/cc3200-sdk/third_party/FreeRTOS/source/" --include_path="/home/waqar/ti/cc3200-sdk/oslib/" --include_path="/home/waqar/ti/cc3200-sdk/driverlib/" --include_path="/home/waqar/ti/cc3200-sdk/simplelink/" --include_path="/home/waqar/ti/cc3200-sdk/simplelink/source" --include_path="/home/waqar/ti/cc3200-sdk/simplelink/include" --include_path="/home/waqar/ti/cc3200-sdk/inc/" --include_path="/home/waqar/ti/cc3200-sdk/example/common" --define=ccs --define=NON_NETWORK --define=USE_FREERTOS --define=cc3200 -g --gcc --no_intrinsics --diag_warning=225 --diag_wrap=off --display_error_number --abi=eabi --preproc_with_compile --preproc_dependency="main.d"  "../main.c"
Finished building: ../main.c
 
Building file: ../pinmux.c
Invoking: ARM Compiler
"/home/waqar/ti/ccsv7/tools/compiler/ti-cgt-arm_16.9.1.LTS/bin/armcl" -mv7M4 --code_state=16 --float_support=fpalib -me --include_path="/home/waqar/ti/ccsv7/tools/compiler/ti-cgt-arm_16.9.1.LTS/include" --include_path="/home/waqar/ti/cc3200-sdk/third_party/FreeRTOS/source/portable/CCS/ARM_CM3/" --include_path="/home/waqar/ti/cc3200-sdk/third_party/FreeRTOS/source/include/" --include_path="/home/waqar/ti/cc3200-sdk/third_party/FreeRTOS/source/" --include_path="/home/waqar/ti/cc3200-sdk/oslib/" --include_path="/home/waqar/ti/cc3200-sdk/driverlib/" --include_path="/home/waqar/ti/cc3200-sdk/simplelink/" --include_path="/home/waqar/ti/cc3200-sdk/simplelink/source" --include_path="/home/waqar/ti/cc3200-sdk/simplelink/include" --include_path="/home/waqar/ti/cc3200-sdk/inc/" --include_path="/home/waqar/ti/cc3200-sdk/example/common" --define=ccs --define=NON_NETWORK --define=USE_FREERTOS --define=cc3200 -g --gcc --no_intrinsics --diag_warning=225 --diag_wrap=off --display_error_number --abi=eabi --preproc_with_compile --preproc_dependency="pinmux.d"  "../pinmux.c"
Finished building: ../pinmux.c
 
Building file: /home/waqar/ti/cc3200-sdk/example/common/startup_ccs.c
Invoking: ARM Compiler
"/home/waqar/ti/ccsv7/tools/compiler/ti-cgt-arm_16.9.1.LTS/bin/armcl" -mv7M4 --code_state=16 --float_support=fpalib -me --include_path="/home/waqar/ti/ccsv7/tools/compiler/ti-cgt-arm_16.9.1.LTS/include" --include_path="/home/waqar/ti/cc3200-sdk/third_party/FreeRTOS/source/portable/CCS/ARM_CM3/" --include_path="/home/waqar/ti/cc3200-sdk/third_party/FreeRTOS/source/include/" --include_path="/home/waqar/ti/cc3200-sdk/third_party/FreeRTOS/source/" --include_path="/home/waqar/ti/cc3200-sdk/oslib/" --include_path="/home/waqar/ti/cc3200-sdk/driverlib/" --include_path="/home/waqar/ti/cc3200-sdk/simplelink/" --include_path="/home/waqar/ti/cc3200-sdk/simplelink/source" --include_path="/home/waqar/ti/cc3200-sdk/simplelink/include" --include_path="/home/waqar/ti/cc3200-sdk/inc/" --include_path="/home/waqar/ti/cc3200-sdk/example/common" --define=ccs --define=NON_NETWORK --define=USE_FREERTOS --define=cc3200 -g --gcc --no_intrinsics --diag_warning=225 --diag_wrap=off --display_error_number --abi=eabi --preproc_with_compile --preproc_dependency="startup_ccs.d"  "/home/waqar/ti/cc3200-sdk/example/common/startup_ccs.c"
Finished building: /home/waqar/ti/cc3200-sdk/example/common/startup_ccs.c
 
Building file: /home/waqar/ti/cc3200-sdk/example/common/uart_if.c
Invoking: ARM Compiler
"/home/waqar/ti/ccsv7/tools/compiler/ti-cgt-arm_16.9.1.LTS/bin/armcl" -mv7M4 --code_state=16 --float_support=fpalib -me --include_path="/home/waqar/ti/ccsv7/tools/compiler/ti-cgt-arm_16.9.1.LTS/include" --include_path="/home/waqar/ti/cc3200-sdk/third_party/FreeRTOS/source/portable/CCS/ARM_CM3/" --include_path="/home/waqar/ti/cc3200-sdk/third_party/FreeRTOS/source/include/" --include_path="/home/waqar/ti/cc3200-sdk/third_party/FreeRTOS/source/" --include_path="/home/waqar/ti/cc3200-sdk/oslib/" --include_path="/home/waqar/ti/cc3200-sdk/driverlib/" --include_path="/home/waqar/ti/cc3200-sdk/simplelink/" --include_path="/home/waqar/ti/cc3200-sdk/simplelink/source" --include_path="/home/waqar/ti/cc3200-sdk/simplelink/include" --include_path="/home/waqar/ti/cc3200-sdk/inc/" --include_path="/home/waqar/ti/cc3200-sdk/example/common" --define=ccs --define=NON_NETWORK --define=USE_FREERTOS --define=cc3200 -g --gcc --no_intrinsics --diag_warning=225 --diag_wrap=off --display_error_number --abi=eabi --preproc_with_compile --preproc_dependency="uart_if.d"  "/home/waqar/ti/cc3200-sdk/example/common/uart_if.c"
Finished building: /home/waqar/ti/cc3200-sdk/example/common/uart_if.c
 
Building target: freertos_demo.out
Invoking: ARM Linker
"/home/waqar/ti/ccsv7/tools/compiler/ti-cgt-arm_16.9.1.LTS/bin/armcl" -mv7M4 --code_state=16 --float_support=fpalib -me --define=ccs --define=NON_NETWORK --define=USE_FREERTOS --define=cc3200 -g --gcc --no_intrinsics --diag_warning=225 --diag_wrap=off --display_error_number --abi=eabi -z -m"freertos_demo.map" --heap_size=0x4000 --stack_size=0x100 -i"/home/waqar/ti/ccsv7/tools/compiler/ti-cgt-arm_16.9.1.LTS/lib" -i"/home/waqar/ti/ccsv7/tools/compiler/ti-cgt-arm_16.9.1.LTS/include" --reread_libs --diag_wrap=off --display_error_number --warn_sections --xml_link_info="freertos_demo_linkInfo.xml" --rom_model -o "freertos_demo.out" "./main.obj" "./pinmux.obj" "./startup_ccs.obj" "./uart_if.obj" "../cc3200v1p32.cmd"  -llibc.a -l"/home/waqar/ti/cc3200-sdk/oslib/ccs/free_rtos/free_rtos.a" -l"/home/waqar/ti/cc3200-sdk/driverlib/ccs/Release/driverlib.a" 
<Linking>
Finished building target: freertos_demo.out
 
"/home/waqar/ti/ccsv7/utils/tiobj2bin/tiobj2bin" "freertos_demo.out" "freertos_demo.bin" "/home/waqar/ti/ccsv7/tools/compiler/ti-cgt-arm_16.9.1.LTS/bin/armofd" "/home/waqar/ti/ccsv7/tools/compiler/ti-cgt-arm_16.9.1.LTS/bin/armhex" "/home/waqar/ti/ccsv7/utils/tiobj2bin/mkhex4bin"
 

**** Build Finished ****
