
**** Build of configuration Release for project wlan_ap ****

/home/waqar/ti/ccsv7/utils/bin/gmake -k all 
Building file: ../main.c
Invoking: ARM Compiler
"/home/waqar/ti/ccsv7/tools/compiler/ti-cgt-arm_16.9.1.LTS/bin/armcl" -mv7M4 --code_state=16 --float_support=vfplib -me --include_path="/home/waqar/ti/ccsv7/tools/compiler/ti-cgt-arm_16.9.1.LTS/include" --include_path="/home/waqar/ti/cc3200-sdk/simplelink/" --include_path="/home/waqar/ti/cc3200-sdk/simplelink/include" --include_path="/home/waqar/ti/cc3200-sdk/simplelink/source" --include_path="/home/waqar/ti/cc3200-sdk/example/common" --include_path="/home/waqar/ti/cc3200-sdk/driverlib" --include_path="/home/waqar/ti/cc3200-sdk/inc" --include_path="/home/waqar/ti/cc3200-sdk/oslib" --include_path="/home/waqar/ti/cc3200-sdk/simplelink_extlib/provisioninglib" --define=ccs --define=USE_TIRTOS --define=SL_PLATFORM_MULTI_THREADED --define=cc3200 -g --diag_warning=225 --diag_wrap=off --display_error_number --abi=eabi --preproc_with_compile --preproc_dependency="main.d" --cmd_file="/home/waqar/ti/cc3200-sdk/ti_rtos/ti_rtos_config/ccs/Default/configPkg/compiler.opt" "../main.c"
Finished building: ../main.c
 
Building file: /home/waqar/ti/cc3200-sdk/example/common/network_common.c
Invoking: ARM Compiler
"/home/waqar/ti/ccsv7/tools/compiler/ti-cgt-arm_16.9.1.LTS/bin/armcl" -mv7M4 --code_state=16 --float_support=vfplib -me --include_path="/home/waqar/ti/ccsv7/tools/compiler/ti-cgt-arm_16.9.1.LTS/include" --include_path="/home/waqar/ti/cc3200-sdk/simplelink/" --include_path="/home/waqar/ti/cc3200-sdk/simplelink/include" --include_path="/home/waqar/ti/cc3200-sdk/simplelink/source" --include_path="/home/waqar/ti/cc3200-sdk/example/common" --include_path="/home/waqar/ti/cc3200-sdk/driverlib" --include_path="/home/waqar/ti/cc3200-sdk/inc" --include_path="/home/waqar/ti/cc3200-sdk/oslib" --include_path="/home/waqar/ti/cc3200-sdk/simplelink_extlib/provisioninglib" --define=ccs --define=USE_TIRTOS --define=SL_PLATFORM_MULTI_THREADED --define=cc3200 -g --diag_warning=225 --diag_wrap=off --display_error_number --abi=eabi --preproc_with_compile --preproc_dependency="network_common.d" --cmd_file="/home/waqar/ti/cc3200-sdk/ti_rtos/ti_rtos_config/ccs/Default/configPkg/compiler.opt" "/home/waqar/ti/cc3200-sdk/example/common/network_common.c"
Finished building: /home/waqar/ti/cc3200-sdk/example/common/network_common.c
 
Building file: ../pinmux.c
Invoking: ARM Compiler
"/home/waqar/ti/ccsv7/tools/compiler/ti-cgt-arm_16.9.1.LTS/bin/armcl" -mv7M4 --code_state=16 --float_support=vfplib -me --include_path="/home/waqar/ti/ccsv7/tools/compiler/ti-cgt-arm_16.9.1.LTS/include" --include_path="/home/waqar/ti/cc3200-sdk/simplelink/" --include_path="/home/waqar/ti/cc3200-sdk/simplelink/include" --include_path="/home/waqar/ti/cc3200-sdk/simplelink/source" --include_path="/home/waqar/ti/cc3200-sdk/example/common" --include_path="/home/waqar/ti/cc3200-sdk/driverlib" --include_path="/home/waqar/ti/cc3200-sdk/inc" --include_path="/home/waqar/ti/cc3200-sdk/oslib" --include_path="/home/waqar/ti/cc3200-sdk/simplelink_extlib/provisioninglib" --define=ccs --define=USE_TIRTOS --define=SL_PLATFORM_MULTI_THREADED --define=cc3200 -g --diag_warning=225 --diag_wrap=off --display_error_number --abi=eabi --preproc_with_compile --preproc_dependency="pinmux.d" --cmd_file="/home/waqar/ti/cc3200-sdk/ti_rtos/ti_rtos_config/ccs/Default/configPkg/compiler.opt" "../pinmux.c"
Finished building: ../pinmux.c
 
Building file: /home/waqar/ti/cc3200-sdk/example/common/uart_if.c
Invoking: ARM Compiler
"/home/waqar/ti/ccsv7/tools/compiler/ti-cgt-arm_16.9.1.LTS/bin/armcl" -mv7M4 --code_state=16 --float_support=vfplib -me --include_path="/home/waqar/ti/ccsv7/tools/compiler/ti-cgt-arm_16.9.1.LTS/include" --include_path="/home/waqar/ti/cc3200-sdk/simplelink/" --include_path="/home/waqar/ti/cc3200-sdk/simplelink/include" --include_path="/home/waqar/ti/cc3200-sdk/simplelink/source" --include_path="/home/waqar/ti/cc3200-sdk/example/common" --include_path="/home/waqar/ti/cc3200-sdk/driverlib" --include_path="/home/waqar/ti/cc3200-sdk/inc" --include_path="/home/waqar/ti/cc3200-sdk/oslib" --include_path="/home/waqar/ti/cc3200-sdk/simplelink_extlib/provisioninglib" --define=ccs --define=USE_TIRTOS --define=SL_PLATFORM_MULTI_THREADED --define=cc3200 -g --diag_warning=225 --diag_wrap=off --display_error_number --abi=eabi --preproc_with_compile --preproc_dependency="uart_if.d" --cmd_file="/home/waqar/ti/cc3200-sdk/ti_rtos/ti_rtos_config/ccs/Default/configPkg/compiler.opt" "/home/waqar/ti/cc3200-sdk/example/common/uart_if.c"
Finished building: /home/waqar/ti/cc3200-sdk/example/common/uart_if.c
 
Building target: wlan_ap.out
Invoking: ARM Linker
"/home/waqar/ti/ccsv7/tools/compiler/ti-cgt-arm_16.9.1.LTS/bin/armcl" -mv7M4 --code_state=16 --float_support=vfplib -me --define=ccs --define=USE_TIRTOS --define=SL_PLATFORM_MULTI_THREADED --define=cc3200 -g --diag_warning=225 --diag_wrap=off --display_error_number --abi=eabi -z -m"wlan_ap.map" --heap_size=0x1000 --stack_size=0x800 -i"/home/waqar/ti/ccsv7/tools/compiler/ti-cgt-arm_16.9.1.LTS/lib" -i"/home/waqar/ti/ccsv7/tools/compiler/ti-cgt-arm_16.9.1.LTS/include" --reread_libs --diag_wrap=off --display_error_number --warn_sections --xml_link_info="wlan_ap_linkInfo.xml" --rom_model -o "wlan_ap.out" "./main.obj" "./network_common.obj" "./pinmux.obj" "./uart_if.obj" "../cc3200v1p32.cmd" -l"/home/waqar/ti/cc3200-sdk/ti_rtos/ti_rtos_config/ccs/Default/configPkg/linker.cmd" -llibc.a -l"/home/waqar/ti/cc3200-sdk/oslib/ccs/ti_rtos/ti_rtos.a" -l"/home/waqar/ti/cc3200-sdk/simplelink/ccs/OS/simplelink.a" -l"/home/waqar/ti/cc3200-sdk/driverlib/ccs/Release/driverlib.a" 
<Linking>
error #10008-D: cannot find file "/home/waqar/ti/cc3200-sdk/simplelink/ccs/OS/simplelink.a"

 undefined                      first referenced
  symbol                            in file     
 ---------                      ----------------
 sl_DevGet                      ./main.obj      
 sl_NetAppMDNSUnRegisterService ./main.obj      
 sl_NetAppPingStart             ./main.obj      
 sl_NetCfgGet                   ./main.obj      
 sl_NetCfgSet                   ./main.obj      
 sl_Start                       ./main.obj      
 sl_Stop                        ./main.obj      
 sl_WlanDisconnect              ./main.obj      
 sl_WlanPolicySet               ./main.obj      
 sl_WlanProfileDel              ./main.obj      
 sl_WlanRxFilterSet             ./main.obj      
 sl_WlanSet                     ./main.obj      
 sl_WlanSetMode                 ./main.obj      

error #10234-D: unresolved symbols remain
error #10010: errors encountered during linking; "wlan_ap.out" not built

gmake: *** [wlan_ap.out] Error 1
>> Compilation failure
makefile:149: recipe for target 'wlan_ap.out' failed
gmake: Target 'all' not remade because of errors.

**** Build Finished ****
