
**** Build of configuration OS for project simplelink ****

/home/waqar/ti/ccsv7/utils/bin/gmake -k all 
Building file: /home/waqar/.wine/drive_c/TI/CC3200SmartPlug_1.0.0/src/simplelink/cc_pal.c
Invoking: ARM Compiler
"/home/waqar/ti/ccsv7/tools/compiler/ti-cgt-arm_16.9.1.LTS/bin/armcl" -mv7M4 --float_support=vfplib -me -O2 --opt_for_speed=2 --include_path="/home/waqar/ti/ccsv7/tools/compiler/ti-cgt-arm_16.9.1.LTS/include" --include_path="/home/waqar/.wine/drive_c/TI/CC3200SmartPlug_1.0.0/src/simplelink/" --include_path="/home/waqar/.wine/drive_c/TI/CC3200SmartPlug_1.0.0/src/simplelink/Include" --include_path="/home/waqar/.wine/drive_c/TI/CC3200SmartPlug_1.0.0/src/simplelink/Source" --include_path="/home/waqar/.wine/drive_c/TI/CC3200SmartPlug_1.0.0/src/driverlib" --include_path="/home/waqar/.wine/drive_c/TI/CC3200SmartPlug_1.0.0/src/inc" --include_path="/home/waqar/.wine/drive_c/TI/CC3200SmartPlug_1.0.0/src/oslib/" --define=ccs --define=SL_FULL --define=SL_PLATFORM_MULTI_THREADED --define=cc3200 -g --gcc --printf_support=full --diag_warning=225 --diag_wrap=off --display_error_number --gen_func_subsections=on --abi=eabi --ual --preproc_with_compile --preproc_dependency="cc_pal.d"  "/home/waqar/.wine/drive_c/TI/CC3200SmartPlug_1.0.0/src/simplelink/cc_pal.c"

>> Compilation failure
subdir_rules.mk:7: recipe for target 'cc_pal.obj' failed
"/home/waqar/.wine/drive_c/TI/CC3200SmartPlug_1.0.0/src/simplelink/cc_pal.c", line 40: fatal error #1965: cannot open source file "simplelink.h"
1 catastrophic error detected in the compilation of "/home/waqar/.wine/drive_c/TI/CC3200SmartPlug_1.0.0/src/simplelink/cc_pal.c".
Compilation terminated.
gmake: *** [cc_pal.obj] Error 1
gmake: *** No rule to make target '/home/waqar/.wine/drive_c/TI/CC3200SmartPlug_1.0.0/src/simplelink/Source/device.c', needed by 'device.obj'.
gmake: *** No rule to make target '/home/waqar/.wine/drive_c/TI/CC3200SmartPlug_1.0.0/src/simplelink/Source/driver.c', needed by 'driver.obj'.
gmake: *** No rule to make target '/home/waqar/.wine/drive_c/TI/CC3200SmartPlug_1.0.0/src/simplelink/Source/flowcont.c', needed by 'flowcont.obj'.
gmake: *** No rule to make target '/home/waqar/.wine/drive_c/TI/CC3200SmartPlug_1.0.0/src/simplelink/Source/fs.c', needed by 'fs.obj'.
gmake: *** No rule to make target '/home/waqar/.wine/drive_c/TI/CC3200SmartPlug_1.0.0/src/simplelink/Source/netapp.c', needed by 'netapp.obj'.
gmake: *** No rule to make target '/home/waqar/.wine/drive_c/TI/CC3200SmartPlug_1.0.0/src/simplelink/Source/netcfg.c', needed by 'netcfg.obj'.
gmake: *** No rule to make target '/home/waqar/.wine/drive_c/TI/CC3200SmartPlug_1.0.0/src/simplelink/Source/nonos.c', needed by 'nonos.obj'.
gmake: *** No rule to make target '/home/waqar/.wine/drive_c/TI/CC3200SmartPlug_1.0.0/src/simplelink/Source/socket.c', needed by 'socket.obj'.
gmake: *** No rule to make target '/home/waqar/.wine/drive_c/TI/CC3200SmartPlug_1.0.0/src/simplelink/Source/spawn.c', needed by 'spawn.obj'.
gmake: *** No rule to make target '/home/waqar/.wine/drive_c/TI/CC3200SmartPlug_1.0.0/src/simplelink/Source/wlan.c', needed by 'wlan.obj'.
gmake: Target 'all' not remade because of errors.

**** Build Finished ****
