
**** Clean-only build of configuration Release for project watchdog ****

/home/waqar/ti/ccsv7/utils/bin/gmake -k clean 
gmake: *** No rule to make target 'clean'.

**** Build Finished ****

**** Build of configuration Release for project watchdog ****

/home/waqar/ti/ccsv7/utils/bin/gmake -k all 
Building file: /home/waqar/ti/CC3200SDK_1.1.0/cc3200-sdk/example/common/gpio_if.c
Invoking: ARM Compiler
"/home/waqar/ti/ccsv7/tools/compiler/ti-cgt-arm_16.9.1.LTS/bin/armcl" -mv7M4 --code_state=16 --float_support=vfplib -me -Ooff --include_path="/home/waqar/ti/ccsv7/tools/compiler/ti-cgt-arm_16.9.1.LTS/include" --include_path="/home/waqar/ti/CC3200SDK_1.1.0/cc3200-sdk/driverlib/" --include_path="/home/waqar/ti/CC3200SDK_1.1.0/cc3200-sdk/inc/" --include_path="/home/waqar/ti/CC3200SDK_1.1.0/cc3200-sdk/example/common" --define=ccs --define=NON_NETWORK --define=cc3200 -g --gcc --printf_support=full --diag_warning=225 --display_error_number --abi=eabi --ual --preproc_with_compile --preproc_dependency="gpio_if.d"  "/home/waqar/ti/CC3200SDK_1.1.0/cc3200-sdk/example/common/gpio_if.c"
Finished building: /home/waqar/ti/CC3200SDK_1.1.0/cc3200-sdk/example/common/gpio_if.c
 
Building file: ../main.c
Invoking: ARM Compiler
"/home/waqar/ti/ccsv7/tools/compiler/ti-cgt-arm_16.9.1.LTS/bin/armcl" -mv7M4 --code_state=16 --float_support=vfplib -me -Ooff --include_path="/home/waqar/ti/ccsv7/tools/compiler/ti-cgt-arm_16.9.1.LTS/include" --include_path="/home/waqar/ti/CC3200SDK_1.1.0/cc3200-sdk/driverlib/" --include_path="/home/waqar/ti/CC3200SDK_1.1.0/cc3200-sdk/inc/" --include_path="/home/waqar/ti/CC3200SDK_1.1.0/cc3200-sdk/example/common" --define=ccs --define=NON_NETWORK --define=cc3200 -g --gcc --printf_support=full --diag_warning=225 --display_error_number --abi=eabi --ual --preproc_with_compile --preproc_dependency="main.d"  "../main.c"
Finished building: ../main.c
 
Building file: ../pinmux.c
Invoking: ARM Compiler
"/home/waqar/ti/ccsv7/tools/compiler/ti-cgt-arm_16.9.1.LTS/bin/armcl" -mv7M4 --code_state=16 --float_support=vfplib -me -Ooff --include_path="/home/waqar/ti/ccsv7/tools/compiler/ti-cgt-arm_16.9.1.LTS/include" --include_path="/home/waqar/ti/CC3200SDK_1.1.0/cc3200-sdk/driverlib/" --include_path="/home/waqar/ti/CC3200SDK_1.1.0/cc3200-sdk/inc/" --include_path="/home/waqar/ti/CC3200SDK_1.1.0/cc3200-sdk/example/common" --define=ccs --define=NON_NETWORK --define=cc3200 -g --gcc --printf_support=full --diag_warning=225 --display_error_number --abi=eabi --ual --preproc_with_compile --preproc_dependency="pinmux.d"  "../pinmux.c"
Finished building: ../pinmux.c
 
Building file: /home/waqar/ti/CC3200SDK_1.1.0/cc3200-sdk/example/common/startup_ccs.c
Invoking: ARM Compiler
"/home/waqar/ti/ccsv7/tools/compiler/ti-cgt-arm_16.9.1.LTS/bin/armcl" -mv7M4 --code_state=16 --float_support=vfplib -me -Ooff --include_path="/home/waqar/ti/ccsv7/tools/compiler/ti-cgt-arm_16.9.1.LTS/include" --include_path="/home/waqar/ti/CC3200SDK_1.1.0/cc3200-sdk/driverlib/" --include_path="/home/waqar/ti/CC3200SDK_1.1.0/cc3200-sdk/inc/" --include_path="/home/waqar/ti/CC3200SDK_1.1.0/cc3200-sdk/example/common" --define=ccs --define=NON_NETWORK --define=cc3200 -g --gcc --printf_support=full --diag_warning=225 --display_error_number --abi=eabi --ual --preproc_with_compile --preproc_dependency="startup_ccs.d"  "/home/waqar/ti/CC3200SDK_1.1.0/cc3200-sdk/example/common/startup_ccs.c"
Finished building: /home/waqar/ti/CC3200SDK_1.1.0/cc3200-sdk/example/common/startup_ccs.c
 
Building file: /home/waqar/ti/CC3200SDK_1.1.0/cc3200-sdk/example/common/uart_if.c
Invoking: ARM Compiler
"/home/waqar/ti/ccsv7/tools/compiler/ti-cgt-arm_16.9.1.LTS/bin/armcl" -mv7M4 --code_state=16 --float_support=vfplib -me -Ooff --include_path="/home/waqar/ti/ccsv7/tools/compiler/ti-cgt-arm_16.9.1.LTS/include" --include_path="/home/waqar/ti/CC3200SDK_1.1.0/cc3200-sdk/driverlib/" --include_path="/home/waqar/ti/CC3200SDK_1.1.0/cc3200-sdk/inc/" --include_path="/home/waqar/ti/CC3200SDK_1.1.0/cc3200-sdk/example/common" --define=ccs --define=NON_NETWORK --define=cc3200 -g --gcc --printf_support=full --diag_warning=225 --display_error_number --abi=eabi --ual --preproc_with_compile --preproc_dependency="uart_if.d"  "/home/waqar/ti/CC3200SDK_1.1.0/cc3200-sdk/example/common/uart_if.c"
Finished building: /home/waqar/ti/CC3200SDK_1.1.0/cc3200-sdk/example/common/uart_if.c
 
Building file: /home/waqar/ti/CC3200SDK_1.1.0/cc3200-sdk/example/common/wdt_if.c
Invoking: ARM Compiler
"/home/waqar/ti/ccsv7/tools/compiler/ti-cgt-arm_16.9.1.LTS/bin/armcl" -mv7M4 --code_state=16 --float_support=vfplib -me -Ooff --include_path="/home/waqar/ti/ccsv7/tools/compiler/ti-cgt-arm_16.9.1.LTS/include" --include_path="/home/waqar/ti/CC3200SDK_1.1.0/cc3200-sdk/driverlib/" --include_path="/home/waqar/ti/CC3200SDK_1.1.0/cc3200-sdk/inc/" --include_path="/home/waqar/ti/CC3200SDK_1.1.0/cc3200-sdk/example/common" --define=ccs --define=NON_NETWORK --define=cc3200 -g --gcc --printf_support=full --diag_warning=225 --display_error_number --abi=eabi --ual --preproc_with_compile --preproc_dependency="wdt_if.d"  "/home/waqar/ti/CC3200SDK_1.1.0/cc3200-sdk/example/common/wdt_if.c"
Finished building: /home/waqar/ti/CC3200SDK_1.1.0/cc3200-sdk/example/common/wdt_if.c
 
Building target: watchdog.out
Invoking: ARM Linker
"/home/waqar/ti/ccsv7/tools/compiler/ti-cgt-arm_16.9.1.LTS/bin/armcl" -mv7M4 --code_state=16 --float_support=vfplib -me -Ooff --define=ccs --define=NON_NETWORK --define=cc3200 -g --gcc --printf_support=full --diag_warning=225 --display_error_number --abi=eabi --ual -z -m"watchdog.map" --heap_size=0x800 --stack_size=0x800 -i"/home/waqar/ti/ccsv7/tools/compiler/ti-cgt-arm_16.9.1.LTS/lib" -i"/home/waqar/ti/ccsv7/tools/compiler/ti-cgt-arm_16.9.1.LTS/include" --reread_libs --display_error_number --warn_sections --xml_link_info="watchdog_linkInfo.xml" --rom_model -o "watchdog.out" "./gpio_if.obj" "./main.obj" "./pinmux.obj" "./startup_ccs.obj" "./uart_if.obj" "./wdt_if.obj" "../cc3200v1p32.cmd"  -llibc.a -l"/home/waqar/ti/CC3200SDK_1.1.0/cc3200-sdk/driverlib/ccs/Release/driverlib.a" 
<Linking>
Finished building target: watchdog.out
 
"/home/waqar/ti/ccsv7/utils/tiobj2bin/tiobj2bin" "watchdog.out" "watchdog.bin" "/home/waqar/ti/ccsv7/tools/compiler/ti-cgt-arm_16.9.1.LTS/bin/armofd" "/home/waqar/ti/ccsv7/tools/compiler/ti-cgt-arm_16.9.1.LTS/bin/armhex" "/home/waqar/ti/ccsv7/utils/tiobj2bin/mkhex4bin"
 

**** Build Finished ****

**** Build of configuration Release for project watchdog ****

/home/waqar/ti/ccsv7/utils/bin/gmake -k all 
gmake: Nothing to be done for 'all'.

**** Build Finished ****

**** Build of configuration Release for project watchdog ****

/home/waqar/ti/ccsv7/utils/bin/gmake -k all 
gmake: Nothing to be done for 'all'.

**** Build Finished ****
